2025-12-26 03:14:10 | INFO     | data.fetcher              | get_stock_data       | Fetched 64 rows for AAPL (1d)
2025-12-26 03:14:10 | INFO     | data.fetcher              | get_stock_data       | Fetched 202 rows for AAPL (1h)
2025-12-26 03:14:11 | INFO     | data.fetcher              | get_stock_data       | Fetched 64 rows for MSFT (1d)
2025-12-26 03:14:11 | INFO     | data.fetcher              | get_stock_data       | Fetched 202 rows for MSFT (1h)
2025-12-26 03:14:11 | INFO     | data.fetcher              | get_stock_data       | Fetched 64 rows for GOOGL (1d)
2025-12-26 03:14:11 | INFO     | data.fetcher              | get_stock_data       | Fetched 202 rows for GOOGL (1h)
2025-12-26 03:14:59 | INFO     | data.fetcher              | get_stock_data       | Fetched 64 rows for AAPL (1d)
2025-12-26 03:14:59 | INFO     | data.fetcher              | get_stock_data       | Fetched 202 rows for AAPL (1h)
2025-12-26 03:15:00 | INFO     | data.fetcher              | get_stock_data       | Fetched 64 rows for MSFT (1d)
2025-12-26 03:15:00 | INFO     | data.fetcher              | get_stock_data       | Fetched 202 rows for MSFT (1h)
2025-12-26 03:15:00 | INFO     | data.fetcher              | get_stock_data       | Fetched 64 rows for GOOGL (1d)
2025-12-26 03:15:00 | INFO     | data.fetcher              | get_stock_data       | Fetched 202 rows for GOOGL (1h)
2025-12-26 03:16:33 | INFO     | data.fetcher              | get_stock_data       | Fetched 64 rows for AAPL (1d)
2025-12-26 03:16:33 | INFO     | data.fetcher              | get_stock_data       | Fetched 202 rows for AAPL (1h)
2025-12-26 03:16:33 | INFO     | data.fetcher              | get_stock_data       | Fetched 64 rows for MSFT (1d)
2025-12-26 03:16:33 | INFO     | data.fetcher              | get_stock_data       | Fetched 202 rows for MSFT (1h)
2025-12-26 03:16:33 | INFO     | data.fetcher              | get_stock_data       | Fetched 64 rows for GOOGL (1d)
2025-12-26 03:16:34 | INFO     | data.fetcher              | get_stock_data       | Fetched 202 rows for GOOGL (1h)
2025-12-26 03:18:29 | INFO     | data.fetcher              | get_stock_data       | Fetched 64 rows for AAPL (1d)
2025-12-26 03:18:29 | INFO     | data.fetcher              | get_stock_data       | Fetched 202 rows for AAPL (1h)
2025-12-26 03:18:29 | INFO     | data.fetcher              | get_stock_data       | Fetched 64 rows for MSFT (1d)
2025-12-26 03:18:29 | INFO     | data.fetcher              | get_stock_data       | Fetched 202 rows for MSFT (1h)
2025-12-26 03:18:29 | INFO     | data.fetcher              | get_stock_data       | Fetched 64 rows for GOOGL (1d)
2025-12-26 03:18:29 | INFO     | data.fetcher              | get_stock_data       | Fetched 202 rows for GOOGL (1h)
2025-12-26 03:18:30 | INFO     | data.fetcher              | get_stock_data       | Fetched 64 rows for META (1d)
2025-12-26 03:18:30 | INFO     | data.fetcher              | get_stock_data       | Fetched 202 rows for META (1h)
2025-12-26 03:18:30 | INFO     | data.fetcher              | get_stock_data       | Fetched 64 rows for TSLA (1d)
2025-12-26 03:18:30 | INFO     | data.fetcher              | get_stock_data       | Fetched 202 rows for TSLA (1h)
2025-12-26 03:18:30 | INFO     | data.fetcher              | get_stock_data       | Fetched 64 rows for NVDA (1d)
2025-12-26 03:18:30 | INFO     | data.fetcher              | get_stock_data       | Fetched 202 rows for NVDA (1h)
2025-12-26 03:18:30 | INFO     | data.fetcher              | get_stock_data       | Fetched 64 rows for AMD (1d)
2025-12-26 03:18:30 | INFO     | data.fetcher              | get_stock_data       | Fetched 202 rows for AMD (1h)
2025-12-26 03:18:30 | INFO     | data.fetcher              | get_stock_data       | Fetched 64 rows for AVGO (1d)
2025-12-26 03:18:30 | INFO     | data.fetcher              | get_stock_data       | Fetched 202 rows for AVGO (1h)
2025-12-26 03:37:35 | INFO     | data.fetcher              | get_stock_data       | Fetched 64 rows for AAPL (1d)
2025-12-26 03:37:36 | INFO     | data.fetcher              | get_stock_data       | Fetched 202 rows for AAPL (1h)
2025-12-26 03:37:36 | INFO     | data.fetcher              | get_stock_data       | Fetched 64 rows for MSFT (1d)
2025-12-26 03:37:36 | INFO     | data.fetcher              | get_stock_data       | Fetched 202 rows for MSFT (1h)
2025-12-26 03:37:36 | INFO     | data.fetcher              | get_stock_data       | Fetched 64 rows for GOOGL (1d)
2025-12-26 03:37:36 | INFO     | data.fetcher              | get_stock_data       | Fetched 202 rows for GOOGL (1h)
2025-12-26 03:37:36 | INFO     | data.fetcher              | get_stock_data       | Fetched 64 rows for AMZN (1d)
2025-12-26 03:37:36 | INFO     | data.fetcher              | get_stock_data       | Fetched 202 rows for AMZN (1h)
2025-12-26 03:37:37 | INFO     | data.fetcher              | get_stock_data       | Fetched 64 rows for META (1d)
2025-12-26 03:37:37 | INFO     | data.fetcher              | get_stock_data       | Fetched 202 rows for META (1h)
2025-12-26 03:37:37 | INFO     | data.fetcher              | get_stock_data       | Fetched 64 rows for NVDA (1d)
2025-12-26 03:37:37 | INFO     | data.fetcher              | get_stock_data       | Fetched 202 rows for NVDA (1h)
2025-12-26 03:37:37 | INFO     | data.fetcher              | get_stock_data       | Fetched 64 rows for TSLA (1d)
2025-12-26 03:37:37 | INFO     | data.fetcher              | get_stock_data       | Fetched 202 rows for TSLA (1h)
2025-12-26 03:37:37 | INFO     | data.fetcher              | get_stock_data       | Fetched 64 rows for AMD (1d)
2025-12-26 03:37:37 | INFO     | data.fetcher              | get_stock_data       | Fetched 202 rows for AMD (1h)
2025-12-26 03:37:37 | INFO     | data.fetcher              | get_stock_data       | Fetched 64 rows for INTC (1d)
2025-12-26 03:37:37 | INFO     | data.fetcher              | get_stock_data       | Fetched 202 rows for INTC (1h)
2025-12-26 03:37:37 | INFO     | data.fetcher              | get_stock_data       | Fetched 64 rows for CRM (1d)
2025-12-26 03:37:38 | INFO     | data.fetcher              | get_stock_data       | Fetched 202 rows for CRM (1h)
2025-12-26 03:37:38 | INFO     | data.fetcher              | get_stock_data       | Fetched 64 rows for JPM (1d)
2025-12-26 03:37:38 | INFO     | data.fetcher              | get_stock_data       | Fetched 202 rows for JPM (1h)
2025-12-26 03:37:38 | INFO     | data.fetcher              | get_stock_data       | Fetched 64 rows for BAC (1d)
2025-12-26 03:37:38 | INFO     | data.fetcher              | get_stock_data       | Fetched 202 rows for BAC (1h)
2025-12-26 03:37:38 | INFO     | data.fetcher              | get_stock_data       | Fetched 64 rows for WFC (1d)
2025-12-26 03:37:38 | INFO     | data.fetcher              | get_stock_data       | Fetched 202 rows for WFC (1h)
2025-12-26 03:37:38 | INFO     | data.fetcher              | get_stock_data       | Fetched 64 rows for GS (1d)
2025-12-26 03:37:38 | INFO     | data.fetcher              | get_stock_data       | Fetched 202 rows for GS (1h)
2025-12-26 03:37:39 | INFO     | data.fetcher              | get_stock_data       | Fetched 64 rows for MS (1d)
2025-12-26 03:37:39 | INFO     | data.fetcher              | get_stock_data       | Fetched 202 rows for MS (1h)
2025-12-26 03:37:39 | INFO     | data.fetcher              | get_stock_data       | Fetched 64 rows for V (1d)
2025-12-26 03:37:39 | INFO     | data.fetcher              | get_stock_data       | Fetched 202 rows for V (1h)
2025-12-26 03:37:39 | INFO     | data.fetcher              | get_stock_data       | Fetched 64 rows for MA (1d)
2025-12-26 03:37:39 | INFO     | data.fetcher              | get_stock_data       | Fetched 202 rows for MA (1h)
2025-12-26 03:37:39 | INFO     | data.fetcher              | get_stock_data       | Fetched 64 rows for JNJ (1d)
2025-12-26 03:37:39 | INFO     | data.fetcher              | get_stock_data       | Fetched 202 rows for JNJ (1h)
2025-12-26 03:37:39 | INFO     | data.fetcher              | get_stock_data       | Fetched 64 rows for UNH (1d)
2025-12-26 03:37:39 | INFO     | data.fetcher              | get_stock_data       | Fetched 202 rows for UNH (1h)
2025-12-26 03:37:40 | INFO     | data.fetcher              | get_stock_data       | Fetched 64 rows for PFE (1d)
2025-12-26 03:37:40 | INFO     | data.fetcher              | get_stock_data       | Fetched 202 rows for PFE (1h)
2025-12-26 03:37:40 | INFO     | data.fetcher              | get_stock_data       | Fetched 64 rows for MRK (1d)
2025-12-26 03:37:40 | INFO     | data.fetcher              | get_stock_data       | Fetched 202 rows for MRK (1h)
2025-12-26 03:37:40 | INFO     | data.fetcher              | get_stock_data       | Fetched 64 rows for ABBV (1d)
2025-12-26 03:37:40 | INFO     | data.fetcher              | get_stock_data       | Fetched 202 rows for ABBV (1h)
2025-12-26 03:37:40 | INFO     | data.fetcher              | get_stock_data       | Fetched 64 rows for WMT (1d)
2025-12-26 03:37:40 | INFO     | data.fetcher              | get_stock_data       | Fetched 202 rows for WMT (1h)
2025-12-26 03:37:41 | INFO     | data.fetcher              | get_stock_data       | Fetched 64 rows for PG (1d)
2025-12-26 03:37:41 | INFO     | data.fetcher              | get_stock_data       | Fetched 202 rows for PG (1h)
2025-12-26 03:37:41 | INFO     | data.fetcher              | get_stock_data       | Fetched 64 rows for KO (1d)
2025-12-26 03:37:41 | INFO     | data.fetcher              | get_stock_data       | Fetched 202 rows for KO (1h)
2025-12-26 03:37:41 | INFO     | data.fetcher              | get_stock_data       | Fetched 64 rows for PEP (1d)
2025-12-26 03:37:41 | INFO     | data.fetcher              | get_stock_data       | Fetched 202 rows for PEP (1h)
2025-12-26 03:37:41 | INFO     | data.fetcher              | get_stock_data       | Fetched 64 rows for COST (1d)
2025-12-26 03:37:41 | INFO     | data.fetcher              | get_stock_data       | Fetched 202 rows for COST (1h)
2025-12-26 03:37:42 | INFO     | data.fetcher              | get_stock_data       | Fetched 64 rows for NKE (1d)
2025-12-26 03:37:42 | INFO     | data.fetcher              | get_stock_data       | Fetched 202 rows for NKE (1h)
2025-12-26 03:37:42 | INFO     | data.fetcher              | get_stock_data       | Fetched 64 rows for MCD (1d)
2025-12-26 03:37:42 | INFO     | data.fetcher              | get_stock_data       | Fetched 202 rows for MCD (1h)
2025-12-26 03:37:42 | INFO     | data.fetcher              | get_stock_data       | Fetched 64 rows for CAT (1d)
2025-12-26 03:37:42 | INFO     | data.fetcher              | get_stock_data       | Fetched 202 rows for CAT (1h)
2025-12-26 03:37:42 | INFO     | data.fetcher              | get_stock_data       | Fetched 64 rows for BA (1d)
2025-12-26 03:37:42 | INFO     | data.fetcher              | get_stock_data       | Fetched 202 rows for BA (1h)
2025-12-26 03:37:43 | INFO     | data.fetcher              | get_stock_data       | Fetched 64 rows for HON (1d)
2025-12-26 03:37:43 | INFO     | data.fetcher              | get_stock_data       | Fetched 202 rows for HON (1h)
2025-12-26 03:37:43 | INFO     | data.fetcher              | get_stock_data       | Fetched 64 rows for UPS (1d)
2025-12-26 03:37:43 | INFO     | data.fetcher              | get_stock_data       | Fetched 202 rows for UPS (1h)
2025-12-26 03:37:43 | INFO     | data.fetcher              | get_stock_data       | Fetched 64 rows for RTX (1d)
2025-12-26 03:37:43 | INFO     | data.fetcher              | get_stock_data       | Fetched 202 rows for RTX (1h)
2025-12-26 03:37:43 | INFO     | data.fetcher              | get_stock_data       | Fetched 64 rows for XOM (1d)
2025-12-26 03:37:43 | INFO     | data.fetcher              | get_stock_data       | Fetched 202 rows for XOM (1h)
2025-12-26 03:37:44 | INFO     | data.fetcher              | get_stock_data       | Fetched 64 rows for CVX (1d)
2025-12-26 03:37:44 | INFO     | data.fetcher              | get_stock_data       | Fetched 202 rows for CVX (1h)
2025-12-26 03:37:44 | INFO     | data.fetcher              | get_stock_data       | Fetched 64 rows for COP (1d)
2025-12-26 03:37:44 | INFO     | data.fetcher              | get_stock_data       | Fetched 202 rows for COP (1h)
2025-12-26 03:37:44 | INFO     | data.fetcher              | get_stock_data       | Fetched 66 rows for AI.PA (1d)
2025-12-26 03:37:44 | INFO     | data.fetcher              | get_stock_data       | Fetched 267 rows for AI.PA (1h)
2025-12-26 03:37:44 | INFO     | data.fetcher              | get_stock_data       | Fetched 66 rows for AIR.PA (1d)
2025-12-26 03:37:44 | INFO     | data.fetcher              | get_stock_data       | Fetched 267 rows for AIR.PA (1h)
2025-12-26 03:37:44 | INFO     | data.fetcher              | get_stock_data       | Fetched 66 rows for ALO.PA (1d)
2025-12-26 03:37:45 | INFO     | data.fetcher              | get_stock_data       | Fetched 267 rows for ALO.PA (1h)
2025-12-26 03:37:45 | WARNING  | data.fetcher              | get_stock_data       | No data returned for MT.PA
2025-12-26 03:37:45 | WARNING  | data.fetcher              | get_stock_data       | No data returned for MT.PA
2025-12-26 03:37:45 | INFO     | data.fetcher              | get_stock_data       | Fetched 66 rows for CS.PA (1d)
2025-12-26 03:37:45 | INFO     | data.fetcher              | get_stock_data       | Fetched 267 rows for CS.PA (1h)
2025-12-26 03:37:45 | INFO     | data.fetcher              | get_stock_data       | Fetched 66 rows for BNP.PA (1d)
2025-12-26 03:37:45 | INFO     | data.fetcher              | get_stock_data       | Fetched 267 rows for BNP.PA (1h)
2025-12-26 03:37:45 | INFO     | data.fetcher              | get_stock_data       | Fetched 66 rows for EN.PA (1d)
2025-12-26 03:37:45 | INFO     | data.fetcher              | get_stock_data       | Fetched 267 rows for EN.PA (1h)
2025-12-26 03:37:46 | INFO     | data.fetcher              | get_stock_data       | Fetched 66 rows for CAP.PA (1d)
2025-12-26 03:37:46 | INFO     | data.fetcher              | get_stock_data       | Fetched 267 rows for CAP.PA (1h)
2025-12-26 03:37:46 | INFO     | data.fetcher              | get_stock_data       | Fetched 66 rows for CA.PA (1d)
2025-12-26 03:37:46 | INFO     | data.fetcher              | get_stock_data       | Fetched 267 rows for CA.PA (1h)
2025-12-26 03:37:46 | INFO     | data.fetcher              | get_stock_data       | Fetched 66 rows for SGO.PA (1d)
2025-12-26 03:37:46 | INFO     | data.fetcher              | get_stock_data       | Fetched 267 rows for SGO.PA (1h)
2025-12-26 03:37:46 | INFO     | data.fetcher              | get_stock_data       | Fetched 66 rows for SAN.PA (1d)
2025-12-26 03:37:46 | INFO     | data.fetcher              | get_stock_data       | Fetched 267 rows for SAN.PA (1h)
2025-12-26 03:37:46 | INFO     | data.fetcher              | get_stock_data       | Fetched 66 rows for SU.PA (1d)
2025-12-26 03:37:47 | INFO     | data.fetcher              | get_stock_data       | Fetched 267 rows for SU.PA (1h)
2025-12-26 03:37:47 | INFO     | data.fetcher              | get_stock_data       | Fetched 66 rows for GLE.PA (1d)
2025-12-26 03:37:47 | INFO     | data.fetcher              | get_stock_data       | Fetched 267 rows for GLE.PA (1h)
2025-12-26 03:37:49 | WARNING  | data.fetcher              | get_stock_data       | No data returned for STLA.PA
2025-12-26 03:37:51 | WARNING  | data.fetcher              | get_stock_data       | No data returned for STLA.PA
2025-12-26 03:37:52 | WARNING  | data.fetcher              | get_stock_data       | No data returned for STM.PA
2025-12-26 03:37:52 | WARNING  | data.fetcher              | get_stock_data       | No data returned for STM.PA
2025-12-26 03:37:53 | INFO     | data.fetcher              | get_stock_data       | Fetched 66 rows for TEP.PA (1d)
2025-12-26 03:37:53 | INFO     | data.fetcher              | get_stock_data       | Fetched 267 rows for TEP.PA (1h)
2025-12-26 03:37:53 | INFO     | data.fetcher              | get_stock_data       | Fetched 66 rows for HO.PA (1d)
2025-12-26 03:37:53 | INFO     | data.fetcher              | get_stock_data       | Fetched 267 rows for HO.PA (1h)
2025-12-26 03:37:53 | INFO     | data.fetcher              | get_stock_data       | Fetched 66 rows for TTE.PA (1d)
2025-12-26 03:37:53 | INFO     | data.fetcher              | get_stock_data       | Fetched 267 rows for TTE.PA (1h)
2025-12-26 03:37:54 | INFO     | data.fetcher              | get_stock_data       | Fetched 66 rows for URW.PA (1d)
2025-12-26 03:37:54 | INFO     | data.fetcher              | get_stock_data       | Fetched 267 rows for URW.PA (1h)
2025-12-26 03:37:54 | INFO     | data.fetcher              | get_stock_data       | Fetched 66 rows for VIE.PA (1d)
2025-12-26 03:37:54 | INFO     | data.fetcher              | get_stock_data       | Fetched 267 rows for VIE.PA (1h)
2025-12-26 03:37:54 | INFO     | data.fetcher              | get_stock_data       | Fetched 66 rows for DG.PA (1d)
2025-12-26 03:37:54 | INFO     | data.fetcher              | get_stock_data       | Fetched 267 rows for DG.PA (1h)
2025-12-26 03:37:54 | INFO     | data.fetcher              | get_stock_data       | Fetched 66 rows for VIV.PA (1d)
2025-12-26 03:37:55 | INFO     | data.fetcher              | get_stock_data       | Fetched 267 rows for VIV.PA (1h)
2025-12-26 03:37:55 | INFO     | data.fetcher              | get_stock_data       | Fetched 66 rows for WLN.PA (1d)
2025-12-26 03:37:55 | INFO     | data.fetcher              | get_stock_data       | Fetched 267 rows for WLN.PA (1h)
2025-12-26 03:37:55 | INFO     | data.fetcher              | get_stock_data       | Fetched 66 rows for MC.PA (1d)
2025-12-26 03:37:55 | INFO     | data.fetcher              | get_stock_data       | Fetched 267 rows for MC.PA (1h)
2025-12-26 03:37:55 | INFO     | data.fetcher              | get_stock_data       | Fetched 66 rows for OR.PA (1d)
2025-12-26 03:37:55 | INFO     | data.fetcher              | get_stock_data       | Fetched 267 rows for OR.PA (1h)
2025-12-26 03:37:56 | INFO     | data.fetcher              | get_stock_data       | Fetched 66 rows for RI.PA (1d)
2025-12-26 03:37:56 | INFO     | data.fetcher              | get_stock_data       | Fetched 267 rows for RI.PA (1h)
2025-12-26 03:37:56 | INFO     | data.fetcher              | get_stock_data       | Fetched 66 rows for KER.PA (1d)
2025-12-26 03:37:56 | INFO     | data.fetcher              | get_stock_data       | Fetched 267 rows for KER.PA (1h)
2025-12-26 03:37:56 | WARNING  | data.fetcher              | get_stock_data       | No data returned for HMC.PA
2025-12-26 03:37:56 | WARNING  | data.fetcher              | get_stock_data       | No data returned for HMC.PA
